<?xml version="1.0" encoding="UTF-8"?>
<testsuite name="com.mysql.demo.DemoApplicationTests" tests="1" skipped="0" failures="0" errors="0" timestamp="2020-12-18T01:30:13" hostname="LINLE5-W10" time="0.068">
  <properties/>
  <testcase name="contextLoads()" classname="com.mysql.demo.DemoApplicationTests" time="0.068"/>
  <system-out><![CDATA[09:30:08.513 [Test worker] DEBUG org.springframework.test.context.BootstrapUtils - Instantiating CacheAwareContextLoaderDelegate from class [org.springframework.test.context.cache.DefaultCacheAwareContextLoaderDelegate]
09:30:08.533 [Test worker] DEBUG org.springframework.test.context.BootstrapUtils - Instantiating BootstrapContext using constructor [public org.springframework.test.context.support.DefaultBootstrapContext(java.lang.Class,org.springframework.test.context.CacheAwareContextLoaderDelegate)]
09:30:08.567 [Test worker] DEBUG org.springframework.test.context.BootstrapUtils - Instantiating TestContextBootstrapper for test class [com.mysql.demo.DemoApplicationTests] from class [org.springframework.boot.test.context.SpringBootTestContextBootstrapper]
09:30:08.581 [Test worker] INFO org.springframework.boot.test.context.SpringBootTestContextBootstrapper - Neither @ContextConfiguration nor @ContextHierarchy found for test class [com.mysql.demo.DemoApplicationTests], using SpringBootContextLoader
09:30:08.586 [Test worker] DEBUG org.springframework.test.context.support.AbstractContextLoader - Did not detect default resource location for test class [com.mysql.demo.DemoApplicationTests]: class path resource [com/mysql/demo/DemoApplicationTests-context.xml] does not exist
09:30:08.587 [Test worker] DEBUG org.springframework.test.context.support.AbstractContextLoader - Did not detect default resource location for test class [com.mysql.demo.DemoApplicationTests]: class path resource [com/mysql/demo/DemoApplicationTestsContext.groovy] does not exist
09:30:08.587 [Test worker] INFO org.springframework.test.context.support.AbstractContextLoader - Could not detect default resource locations for test class [com.mysql.demo.DemoApplicationTests]: no resource found for suffixes {-context.xml, Context.groovy}.
09:30:08.588 [Test worker] INFO org.springframework.test.context.support.AnnotationConfigContextLoaderUtils - Could not detect default configuration classes for test class [com.mysql.demo.DemoApplicationTests]: DemoApplicationTests does not declare any static, non-private, non-final, nested classes annotated with @Configuration.
09:30:08.632 [Test worker] DEBUG org.springframework.test.context.support.ActiveProfilesUtils - Could not find an 'annotation declaring class' for annotation type [org.springframework.test.context.ActiveProfiles] and class [com.mysql.demo.DemoApplicationTests]
09:30:08.696 [Test worker] DEBUG org.springframework.context.annotation.ClassPathScanningCandidateComponentProvider - Identified candidate component class: file [D:\project\demo\sensitiveDataManage\build\classes\java\main\com\mysql\demo\DemoApplication.class]
09:30:08.698 [Test worker] INFO org.springframework.boot.test.context.SpringBootTestContextBootstrapper - Found @SpringBootConfiguration com.mysql.demo.DemoApplication for test class com.mysql.demo.DemoApplicationTests
09:30:08.807 [Test worker] DEBUG org.springframework.boot.test.context.SpringBootTestContextBootstrapper - @TestExecutionListeners is not present for class [com.mysql.demo.DemoApplicationTests]: using defaults.
09:30:08.807 [Test worker] INFO org.springframework.boot.test.context.SpringBootTestContextBootstrapper - Loaded default TestExecutionListener class names from location [META-INF/spring.factories]: [org.springframework.boot.test.autoconfigure.restdocs.RestDocsTestExecutionListener, org.springframework.boot.test.autoconfigure.web.client.MockRestServiceServerResetTestExecutionListener, org.springframework.boot.test.autoconfigure.web.servlet.MockMvcPrintOnlyOnFailureTestExecutionListener, org.springframework.boot.test.autoconfigure.web.servlet.WebDriverTestExecutionListener, org.springframework.boot.test.autoconfigure.webservices.client.MockWebServiceServerTestExecutionListener, org.springframework.boot.test.mock.mockito.MockitoTestExecutionListener, org.springframework.boot.test.mock.mockito.ResetMocksTestExecutionListener, org.springframework.test.context.web.ServletTestExecutionListener, org.springframework.test.context.support.DirtiesContextBeforeModesTestExecutionListener, org.springframework.test.context.support.DependencyInjectionTestExecutionListener, org.springframework.test.context.support.DirtiesContextTestExecutionListener, org.springframework.test.context.transaction.TransactionalTestExecutionListener, org.springframework.test.context.jdbc.SqlScriptsTestExecutionListener, org.springframework.test.context.event.EventPublishingTestExecutionListener]
09:30:08.827 [Test worker] INFO org.springframework.boot.test.context.SpringBootTestContextBootstrapper - Using TestExecutionListeners: [org.springframework.test.context.web.ServletTestExecutionListener@2d0459bc, org.springframework.test.context.support.DirtiesContextBeforeModesTestExecutionListener@24234234, org.springframework.boot.test.mock.mockito.MockitoTestExecutionListener@559b2962, org.springframework.boot.test.autoconfigure.SpringBootDependencyInjectionTestExecutionListener@10d71bca, org.springframework.test.context.support.DirtiesContextTestExecutionListener@1f1179d5, org.springframework.test.context.transaction.TransactionalTestExecutionListener@211dbae1, org.springframework.test.context.jdbc.SqlScriptsTestExecutionListener@2d414799, org.springframework.test.context.event.EventPublishingTestExecutionListener@56000b0, org.springframework.boot.test.autoconfigure.restdocs.RestDocsTestExecutionListener@11ab0e18, org.springframework.boot.test.autoconfigure.web.client.MockRestServiceServerResetTestExecutionListener@5d2d747e, org.springframework.boot.test.autoconfigure.web.servlet.MockMvcPrintOnlyOnFailureTestExecutionListener@7a778dcd, org.springframework.boot.test.autoconfigure.web.servlet.WebDriverTestExecutionListener@7f1767b3, org.springframework.boot.test.autoconfigure.webservices.client.MockWebServiceServerTestExecutionListener@36857d87, org.springframework.boot.test.mock.mockito.ResetMocksTestExecutionListener@3d71ad]
09:30:08.831 [Test worker] DEBUG org.springframework.test.context.support.AbstractDirtiesContextTestExecutionListener - Before test class: context [DefaultTestContext@58bbdb19 testClass = DemoApplicationTests, testInstance = [null], testMethod = [null], testException = [null], mergedContextConfiguration = [WebMergedContextConfiguration@5f0d1b53 testClass = DemoApplicationTests, locations = '{}', classes = '{class com.mysql.demo.DemoApplication}', contextInitializerClasses = '[]', activeProfiles = '{}', propertySourceLocations = '{}', propertySourceProperties = '{org.springframework.boot.test.context.SpringBootTestContextBootstrapper=true}', contextCustomizers = set[org.springframework.boot.test.autoconfigure.actuate.metrics.MetricsExportContextCustomizerFactory$DisableMetricExportContextCustomizer@7e5adba3, org.springframework.boot.test.autoconfigure.properties.PropertyMappingContextCustomizer@0, org.springframework.boot.test.autoconfigure.web.servlet.WebDriverContextCustomizerFactory$Customizer@498b6ed3, org.springframework.boot.test.context.filter.ExcludeFilterContextCustomizer@7fafca61, org.springframework.boot.test.json.DuplicateJsonObjectContextCustomizerFactory$DuplicateJsonObjectContextCustomizer@31296fe2, org.springframework.boot.test.mock.mockito.MockitoContextCustomizer@0, org.springframework.boot.test.web.client.TestRestTemplateContextCustomizer@27a92ea8, org.springframework.boot.test.web.reactive.server.WebTestClientContextCustomizer@7ae1138d, org.springframework.boot.test.context.SpringBootTestArgs@1, org.springframework.boot.test.context.SpringBootTestWebEnvironment@7f6d7b67], resourceBasePath = 'src/main/webapp', contextLoader = 'org.springframework.boot.test.context.SpringBootContextLoader', parent = [null]], attributes = map['org.springframework.test.context.web.ServletTestExecutionListener.activateListener' -> true]], class annotated with @DirtiesContext [false] with mode [null].
09:30:08.860 [Test worker] DEBUG org.springframework.test.context.support.TestPropertySourceUtils - Adding inlined properties to environment: {spring.jmx.enabled=false, org.springframework.boot.test.context.SpringBootTestContextBootstrapper=true}

  .   ____          _            __ _ _
 /\\ / ___'_ __ _ _(_)_ __  __ _ \ \ \ \
( ( )\___ | '_ | '_| | '_ \/ _` | \ \ \ \
 \\/  ___)| |_)| | | | | || (_| |  ) ) ) )
  '  |____| .__|_| |_|_| |_\__, | / / / /
 =========|_|==============|___/=/_/_/_/
 :: Spring Boot ::                (v2.4.0)

2020-12-18 09:30:09.183  INFO 23008 --- [    Test worker] com.mysql.demo.DemoApplicationTests      : Starting DemoApplicationTests using Java 1.8.0_261 on LINLE5-W10 with PID 23008 (started by LINLE5 in D:\project\demo\sensitiveDataManage)
2020-12-18 09:30:09.186  INFO 23008 --- [    Test worker] com.mysql.demo.DemoApplicationTests      : No active profile set, falling back to default profiles: default
2020-12-18 09:30:09.843  INFO 23008 --- [    Test worker] .s.d.r.c.RepositoryConfigurationDelegate : Bootstrapping Spring Data JPA repositories in DEFERRED mode.
2020-12-18 09:30:09.913  INFO 23008 --- [    Test worker] .s.d.r.c.RepositoryConfigurationDelegate : Finished Spring Data repository scanning in 61 ms. Found 2 JPA repository interfaces.
2020-12-18 09:30:10.415  INFO 23008 --- [    Test worker] o.s.s.concurrent.ThreadPoolTaskExecutor  : Initializing ExecutorService 'applicationTaskExecutor'
2020-12-18 09:30:10.474  INFO 23008 --- [         task-1] o.hibernate.jpa.internal.util.LogHelper  : HHH000204: Processing PersistenceUnitInfo [name: default]
2020-12-18 09:30:10.551  INFO 23008 --- [         task-1] org.hibernate.Version                    : HHH000412: Hibernate ORM core version 5.4.23.Final
2020-12-18 09:30:10.733  INFO 23008 --- [         task-1] o.hibernate.annotations.common.Version   : HCANN000001: Hibernate Commons Annotations {5.1.2.Final}
2020-12-18 09:30:10.846  INFO 23008 --- [         task-1] com.zaxxer.hikari.HikariDataSource       : HikariPool-1 - Starting...
2020-12-18 09:30:11.083  INFO 23008 --- [         task-1] com.zaxxer.hikari.HikariDataSource       : HikariPool-1 - Start completed.
2020-12-18 09:30:11.120  INFO 23008 --- [         task-1] org.hibernate.dialect.Dialect            : HHH000400: Using dialect: org.hibernate.dialect.MySQL8Dialect
2020-12-18 09:30:11.777  INFO 23008 --- [         task-1] o.h.e.t.j.p.i.JtaPlatformInitiator       : HHH000490: Using JtaPlatform implementation: [org.hibernate.engine.transaction.jta.platform.internal.NoJtaPlatform]
2020-12-18 09:30:11.785  INFO 23008 --- [         task-1] j.LocalContainerEntityManagerFactoryBean : Initialized JPA EntityManagerFactory for persistence unit 'default'
2020-12-18 09:30:12.256  WARN 23008 --- [    Test worker] JpaBaseConfiguration$JpaWebConfiguration : spring.jpa.open-in-view is enabled by default. Therefore, database queries may be performed during view rendering. Explicitly configure spring.jpa.open-in-view to disable this warning
2020-12-18 09:30:12.984  INFO 23008 --- [    Test worker] DeferredRepositoryInitializationListener : Triggering deferred initialization of Spring Data repositories…
2020-12-18 09:30:12.985  INFO 23008 --- [    Test worker] DeferredRepositoryInitializationListener : Spring Data repositories initialized!
2020-12-18 09:30:12.990  INFO 23008 --- [    Test worker] com.mysql.demo.DemoApplicationTests      : Started DemoApplicationTests in 4.124 seconds (JVM running for 5.491)
]]></system-out>
  <system-err><![CDATA[]]></system-err>
</testsuite>
